[2022-02-05 13:06:26] local.ERROR: could not find driver (SQL: PRAGMA foreign_keys = ON;) {"exception":"[object] (Illuminate\\Database\\QueryException(code: 0): could not find driver (SQL: PRAGMA foreign_keys = ON;) at D:\\laragon\\www\\laravel_surveys_vue\\laravel-vue-survey\\vendor\\laravel\\framework\\src\\Illuminate\\Database\\Connection.php:712)
[stacktrace]
#0 D:\\laragon\\www\\laravel_surveys_vue\\laravel-vue-survey\\vendor\\laravel\\framework\\src\\Illuminate\\Database\\Connection.php(672): Illuminate\\Database\\Connection->runQueryCallback('PRAGMA foreign_...', Array, Object(Closure))
#1 D:\\laragon\\www\\laravel_surveys_vue\\laravel-vue-survey\\vendor\\laravel\\framework\\src\\Illuminate\\Database\\Connection.php(502): Illuminate\\Database\\Connection->run('PRAGMA foreign_...', Array, Object(Closure))
#2 D:\\laragon\\www\\laravel_surveys_vue\\laravel-vue-survey\\vendor\\laravel\\framework\\src\\Illuminate\\Database\\Schema\\Builder.php(340): Illuminate\\Database\\Connection->statement('PRAGMA foreign_...')
#3 D:\\laragon\\www\\laravel_surveys_vue\\laravel-vue-survey\\vendor\\laravel\\framework\\src\\Illuminate\\Database\\SQLiteConnection.php(37): Illuminate\\Database\\Schema\\Builder->enableForeignKeyConstraints()
#4 D:\\laragon\\www\\laravel_surveys_vue\\laravel-vue-survey\\vendor\\laravel\\framework\\src\\Illuminate\\Database\\Connectors\\ConnectionFactory.php(282): Illuminate\\Database\\SQLiteConnection->__construct(Object(Closure), 'D:\\\\laragon\\\\www\\\\...', '', Array)
#5 D:\\laragon\\www\\laravel_surveys_vue\\laravel-vue-survey\\vendor\\laravel\\framework\\src\\Illuminate\\Database\\Connectors\\ConnectionFactory.php(76): Illuminate\\Database\\Connectors\\ConnectionFactory->createConnection('sqlite', Object(Closure), 'D:\\\\laragon\\\\www\\\\...', '', Array)
#6 D:\\laragon\\www\\laravel_surveys_vue\\laravel-vue-survey\\vendor\\laravel\\framework\\src\\Illuminate\\Database\\Connectors\\ConnectionFactory.php(50): Illuminate\\Database\\Connectors\\ConnectionFactory->createSingleConnection(Array)
#7 D:\\laragon\\www\\laravel_surveys_vue\\laravel-vue-survey\\vendor\\laravel\\framework\\src\\Illuminate\\Database\\DatabaseManager.php(140): Illuminate\\Database\\Connectors\\ConnectionFactory->make(Array, 'sqlite')
#8 D:\\laragon\\www\\laravel_surveys_vue\\laravel-vue-survey\\vendor\\laravel\\framework\\src\\Illuminate\\Database\\DatabaseManager.php(95): Illuminate\\Database\\DatabaseManager->makeConnection('sqlite')
#9 D:\\laragon\\www\\laravel_surveys_vue\\laravel-vue-survey\\vendor\\laravel\\framework\\src\\Illuminate\\Database\\Migrations\\DatabaseMigrationRepository.php(211): Illuminate\\Database\\DatabaseManager->connection('sqlite')
#10 D:\\laragon\\www\\laravel_surveys_vue\\laravel-vue-survey\\vendor\\laravel\\framework\\src\\Illuminate\\Database\\Migrations\\DatabaseMigrationRepository.php(167): Illuminate\\Database\\Migrations\\DatabaseMigrationRepository->getConnection()
#11 D:\\laragon\\www\\laravel_surveys_vue\\laravel-vue-survey\\vendor\\laravel\\framework\\src\\Illuminate\\Database\\Migrations\\Migrator.php(652): Illuminate\\Database\\Migrations\\DatabaseMigrationRepository->repositoryExists()
#12 D:\\laragon\\www\\laravel_surveys_vue\\laravel-vue-survey\\vendor\\laravel\\framework\\src\\Illuminate\\Database\\Console\\Migrations\\MigrateCommand.php(106): Illuminate\\Database\\Migrations\\Migrator->repositoryExists()
#13 D:\\laragon\\www\\laravel_surveys_vue\\laravel-vue-survey\\vendor\\laravel\\framework\\src\\Illuminate\\Database\\Console\\Migrations\\MigrateCommand.php(77): Illuminate\\Database\\Console\\Migrations\\MigrateCommand->prepareDatabase()
#14 D:\\laragon\\www\\laravel_surveys_vue\\laravel-vue-survey\\vendor\\laravel\\framework\\src\\Illuminate\\Database\\Migrations\\Migrator.php(585): Illuminate\\Database\\Console\\Migrations\\MigrateCommand->Illuminate\\Database\\Console\\Migrations\\{closure}()
#15 D:\\laragon\\www\\laravel_surveys_vue\\laravel-vue-survey\\vendor\\laravel\\framework\\src\\Illuminate\\Database\\Console\\Migrations\\MigrateCommand.php(94): Illuminate\\Database\\Migrations\\Migrator->usingConnection(NULL, Object(Closure))
#16 D:\\laragon\\www\\laravel_surveys_vue\\laravel-vue-survey\\vendor\\laravel\\framework\\src\\Illuminate\\Container\\BoundMethod.php(36): Illuminate\\Database\\Console\\Migrations\\MigrateCommand->handle()
#17 D:\\laragon\\www\\laravel_surveys_vue\\laravel-vue-survey\\vendor\\laravel\\framework\\src\\Illuminate\\Container\\Util.php(40): Illuminate\\Container\\BoundMethod::Illuminate\\Container\\{closure}()
#18 D:\\laragon\\www\\laravel_surveys_vue\\laravel-vue-survey\\vendor\\laravel\\framework\\src\\Illuminate\\Container\\BoundMethod.php(93): Illuminate\\Container\\Util::unwrapIfClosure(Object(Closure))
#19 D:\\laragon\\www\\laravel_surveys_vue\\laravel-vue-survey\\vendor\\laravel\\framework\\src\\Illuminate\\Container\\BoundMethod.php(37): Illuminate\\Container\\BoundMethod::callBoundMethod(Object(Illuminate\\Foundation\\Application), Array, Object(Closure))
#20 D:\\laragon\\www\\laravel_surveys_vue\\laravel-vue-survey\\vendor\\laravel\\framework\\src\\Illuminate\\Container\\Container.php(653): Illuminate\\Container\\BoundMethod::call(Object(Illuminate\\Foundation\\Application), Array, Array, NULL)
#21 D:\\laragon\\www\\laravel_surveys_vue\\laravel-vue-survey\\vendor\\laravel\\framework\\src\\Illuminate\\Console\\Command.php(136): Illuminate\\Container\\Container->call(Array)
#22 D:\\laragon\\www\\laravel_surveys_vue\\laravel-vue-survey\\vendor\\symfony\\console\\Command\\Command.php(298): Illuminate\\Console\\Command->execute(Object(Symfony\\Component\\Console\\Input\\ArgvInput), Object(Illuminate\\Console\\OutputStyle))
#23 D:\\laragon\\www\\laravel_surveys_vue\\laravel-vue-survey\\vendor\\laravel\\framework\\src\\Illuminate\\Console\\Command.php(121): Symfony\\Component\\Console\\Command\\Command->run(Object(Symfony\\Component\\Console\\Input\\ArgvInput), Object(Illuminate\\Console\\OutputStyle))
#24 D:\\laragon\\www\\laravel_surveys_vue\\laravel-vue-survey\\vendor\\symfony\\console\\Application.php(1015): Illuminate\\Console\\Command->run(Object(Symfony\\Component\\Console\\Input\\ArgvInput), Object(Symfony\\Component\\Console\\Output\\ConsoleOutput))
#25 D:\\laragon\\www\\laravel_surveys_vue\\laravel-vue-survey\\vendor\\symfony\\console\\Application.php(299): Symfony\\Component\\Console\\Application->doRunCommand(Object(Illuminate\\Database\\Console\\Migrations\\MigrateCommand), Object(Symfony\\Component\\Console\\Input\\ArgvInput), Object(Symfony\\Component\\Console\\Output\\ConsoleOutput))
#26 D:\\laragon\\www\\laravel_surveys_vue\\laravel-vue-survey\\vendor\\symfony\\console\\Application.php(171): Symfony\\Component\\Console\\Application->doRun(Object(Symfony\\Component\\Console\\Input\\ArgvInput), Object(Symfony\\Component\\Console\\Output\\ConsoleOutput))
#27 D:\\laragon\\www\\laravel_surveys_vue\\laravel-vue-survey\\vendor\\laravel\\framework\\src\\Illuminate\\Console\\Application.php(94): Symfony\\Component\\Console\\Application->run(Object(Symfony\\Component\\Console\\Input\\ArgvInput), Object(Symfony\\Component\\Console\\Output\\ConsoleOutput))
#28 D:\\laragon\\www\\laravel_surveys_vue\\laravel-vue-survey\\vendor\\laravel\\framework\\src\\Illuminate\\Foundation\\Console\\Kernel.php(129): Illuminate\\Console\\Application->run(Object(Symfony\\Component\\Console\\Input\\ArgvInput), Object(Symfony\\Component\\Console\\Output\\ConsoleOutput))
#29 D:\\laragon\\www\\laravel_surveys_vue\\laravel-vue-survey\\artisan(37): Illuminate\\Foundation\\Console\\Kernel->handle(Object(Symfony\\Component\\Console\\Input\\ArgvInput), Object(Symfony\\Component\\Console\\Output\\ConsoleOutput))
#30 {main}

[previous exception] [object] (PDOException(code: 0): could not find driver at D:\\laragon\\www\\laravel_surveys_vue\\laravel-vue-survey\\vendor\\laravel\\framework\\src\\Illuminate\\Database\\Connectors\\Connector.php:70)
[stacktrace]
#0 D:\\laragon\\www\\laravel_surveys_vue\\laravel-vue-survey\\vendor\\laravel\\framework\\src\\Illuminate\\Database\\Connectors\\Connector.php(70): PDO->__construct('sqlite:D:\\\\larag...', NULL, NULL, Array)
#1 D:\\laragon\\www\\laravel_surveys_vue\\laravel-vue-survey\\vendor\\laravel\\framework\\src\\Illuminate\\Database\\Connectors\\Connector.php(46): Illuminate\\Database\\Connectors\\Connector->createPdoConnection('sqlite:D:\\\\larag...', NULL, NULL, Array)
#2 D:\\laragon\\www\\laravel_surveys_vue\\laravel-vue-survey\\vendor\\laravel\\framework\\src\\Illuminate\\Database\\Connectors\\SQLiteConnector.php(37): Illuminate\\Database\\Connectors\\Connector->createConnection('sqlite:D:\\\\larag...', Array, Array)
#3 D:\\laragon\\www\\laravel_surveys_vue\\laravel-vue-survey\\vendor\\laravel\\framework\\src\\Illuminate\\Database\\Connectors\\ConnectionFactory.php(222): Illuminate\\Database\\Connectors\\SQLiteConnector->connect(Array)
#4 [internal function]: Illuminate\\Database\\Connectors\\ConnectionFactory->Illuminate\\Database\\Connectors\\{closure}()
#5 D:\\laragon\\www\\laravel_surveys_vue\\laravel-vue-survey\\vendor\\laravel\\framework\\src\\Illuminate\\Database\\Connection.php(1062): call_user_func(Object(Closure))
#6 D:\\laragon\\www\\laravel_surveys_vue\\laravel-vue-survey\\vendor\\laravel\\framework\\src\\Illuminate\\Database\\Connection.php(495): Illuminate\\Database\\Connection->getPdo()
#7 D:\\laragon\\www\\laravel_surveys_vue\\laravel-vue-survey\\vendor\\laravel\\framework\\src\\Illuminate\\Database\\Connection.php(705): Illuminate\\Database\\Connection->Illuminate\\Database\\{closure}('PRAGMA foreign_...', Array)
#8 D:\\laragon\\www\\laravel_surveys_vue\\laravel-vue-survey\\vendor\\laravel\\framework\\src\\Illuminate\\Database\\Connection.php(672): Illuminate\\Database\\Connection->runQueryCallback('PRAGMA foreign_...', Array, Object(Closure))
#9 D:\\laragon\\www\\laravel_surveys_vue\\laravel-vue-survey\\vendor\\laravel\\framework\\src\\Illuminate\\Database\\Connection.php(502): Illuminate\\Database\\Connection->run('PRAGMA foreign_...', Array, Object(Closure))
#10 D:\\laragon\\www\\laravel_surveys_vue\\laravel-vue-survey\\vendor\\laravel\\framework\\src\\Illuminate\\Database\\Schema\\Builder.php(340): Illuminate\\Database\\Connection->statement('PRAGMA foreign_...')
#11 D:\\laragon\\www\\laravel_surveys_vue\\laravel-vue-survey\\vendor\\laravel\\framework\\src\\Illuminate\\Database\\SQLiteConnection.php(37): Illuminate\\Database\\Schema\\Builder->enableForeignKeyConstraints()
#12 D:\\laragon\\www\\laravel_surveys_vue\\laravel-vue-survey\\vendor\\laravel\\framework\\src\\Illuminate\\Database\\Connectors\\ConnectionFactory.php(282): Illuminate\\Database\\SQLiteConnection->__construct(Object(Closure), 'D:\\\\laragon\\\\www\\\\...', '', Array)
#13 D:\\laragon\\www\\laravel_surveys_vue\\laravel-vue-survey\\vendor\\laravel\\framework\\src\\Illuminate\\Database\\Connectors\\ConnectionFactory.php(76): Illuminate\\Database\\Connectors\\ConnectionFactory->createConnection('sqlite', Object(Closure), 'D:\\\\laragon\\\\www\\\\...', '', Array)
#14 D:\\laragon\\www\\laravel_surveys_vue\\laravel-vue-survey\\vendor\\laravel\\framework\\src\\Illuminate\\Database\\Connectors\\ConnectionFactory.php(50): Illuminate\\Database\\Connectors\\ConnectionFactory->createSingleConnection(Array)
#15 D:\\laragon\\www\\laravel_surveys_vue\\laravel-vue-survey\\vendor\\laravel\\framework\\src\\Illuminate\\Database\\DatabaseManager.php(140): Illuminate\\Database\\Connectors\\ConnectionFactory->make(Array, 'sqlite')
#16 D:\\laragon\\www\\laravel_surveys_vue\\laravel-vue-survey\\vendor\\laravel\\framework\\src\\Illuminate\\Database\\DatabaseManager.php(95): Illuminate\\Database\\DatabaseManager->makeConnection('sqlite')
#17 D:\\laragon\\www\\laravel_surveys_vue\\laravel-vue-survey\\vendor\\laravel\\framework\\src\\Illuminate\\Database\\Migrations\\DatabaseMigrationRepository.php(211): Illuminate\\Database\\DatabaseManager->connection('sqlite')
#18 D:\\laragon\\www\\laravel_surveys_vue\\laravel-vue-survey\\vendor\\laravel\\framework\\src\\Illuminate\\Database\\Migrations\\DatabaseMigrationRepository.php(167): Illuminate\\Database\\Migrations\\DatabaseMigrationRepository->getConnection()
#19 D:\\laragon\\www\\laravel_surveys_vue\\laravel-vue-survey\\vendor\\laravel\\framework\\src\\Illuminate\\Database\\Migrations\\Migrator.php(652): Illuminate\\Database\\Migrations\\DatabaseMigrationRepository->repositoryExists()
#20 D:\\laragon\\www\\laravel_surveys_vue\\laravel-vue-survey\\vendor\\laravel\\framework\\src\\Illuminate\\Database\\Console\\Migrations\\MigrateCommand.php(106): Illuminate\\Database\\Migrations\\Migrator->repositoryExists()
#21 D:\\laragon\\www\\laravel_surveys_vue\\laravel-vue-survey\\vendor\\laravel\\framework\\src\\Illuminate\\Database\\Console\\Migrations\\MigrateCommand.php(77): Illuminate\\Database\\Console\\Migrations\\MigrateCommand->prepareDatabase()
#22 D:\\laragon\\www\\laravel_surveys_vue\\laravel-vue-survey\\vendor\\laravel\\framework\\src\\Illuminate\\Database\\Migrations\\Migrator.php(585): Illuminate\\Database\\Console\\Migrations\\MigrateCommand->Illuminate\\Database\\Console\\Migrations\\{closure}()
#23 D:\\laragon\\www\\laravel_surveys_vue\\laravel-vue-survey\\vendor\\laravel\\framework\\src\\Illuminate\\Database\\Console\\Migrations\\MigrateCommand.php(94): Illuminate\\Database\\Migrations\\Migrator->usingConnection(NULL, Object(Closure))
#24 D:\\laragon\\www\\laravel_surveys_vue\\laravel-vue-survey\\vendor\\laravel\\framework\\src\\Illuminate\\Container\\BoundMethod.php(36): Illuminate\\Database\\Console\\Migrations\\MigrateCommand->handle()
#25 D:\\laragon\\www\\laravel_surveys_vue\\laravel-vue-survey\\vendor\\laravel\\framework\\src\\Illuminate\\Container\\Util.php(40): Illuminate\\Container\\BoundMethod::Illuminate\\Container\\{closure}()
#26 D:\\laragon\\www\\laravel_surveys_vue\\laravel-vue-survey\\vendor\\laravel\\framework\\src\\Illuminate\\Container\\BoundMethod.php(93): Illuminate\\Container\\Util::unwrapIfClosure(Object(Closure))
#27 D:\\laragon\\www\\laravel_surveys_vue\\laravel-vue-survey\\vendor\\laravel\\framework\\src\\Illuminate\\Container\\BoundMethod.php(37): Illuminate\\Container\\BoundMethod::callBoundMethod(Object(Illuminate\\Foundation\\Application), Array, Object(Closure))
#28 D:\\laragon\\www\\laravel_surveys_vue\\laravel-vue-survey\\vendor\\laravel\\framework\\src\\Illuminate\\Container\\Container.php(653): Illuminate\\Container\\BoundMethod::call(Object(Illuminate\\Foundation\\Application), Array, Array, NULL)
#29 D:\\laragon\\www\\laravel_surveys_vue\\laravel-vue-survey\\vendor\\laravel\\framework\\src\\Illuminate\\Console\\Command.php(136): Illuminate\\Container\\Container->call(Array)
#30 D:\\laragon\\www\\laravel_surveys_vue\\laravel-vue-survey\\vendor\\symfony\\console\\Command\\Command.php(298): Illuminate\\Console\\Command->execute(Object(Symfony\\Component\\Console\\Input\\ArgvInput), Object(Illuminate\\Console\\OutputStyle))
#31 D:\\laragon\\www\\laravel_surveys_vue\\laravel-vue-survey\\vendor\\laravel\\framework\\src\\Illuminate\\Console\\Command.php(121): Symfony\\Component\\Console\\Command\\Command->run(Object(Symfony\\Component\\Console\\Input\\ArgvInput), Object(Illuminate\\Console\\OutputStyle))
#32 D:\\laragon\\www\\laravel_surveys_vue\\laravel-vue-survey\\vendor\\symfony\\console\\Application.php(1015): Illuminate\\Console\\Command->run(Object(Symfony\\Component\\Console\\Input\\ArgvInput), Object(Symfony\\Component\\Console\\Output\\ConsoleOutput))
#33 D:\\laragon\\www\\laravel_surveys_vue\\laravel-vue-survey\\vendor\\symfony\\console\\Application.php(299): Symfony\\Component\\Console\\Application->doRunCommand(Object(Illuminate\\Database\\Console\\Migrations\\MigrateCommand), Object(Symfony\\Component\\Console\\Input\\ArgvInput), Object(Symfony\\Component\\Console\\Output\\ConsoleOutput))
#34 D:\\laragon\\www\\laravel_surveys_vue\\laravel-vue-survey\\vendor\\symfony\\console\\Application.php(171): Symfony\\Component\\Console\\Application->doRun(Object(Symfony\\Component\\Console\\Input\\ArgvInput), Object(Symfony\\Component\\Console\\Output\\ConsoleOutput))
#35 D:\\laragon\\www\\laravel_surveys_vue\\laravel-vue-survey\\vendor\\laravel\\framework\\src\\Illuminate\\Console\\Application.php(94): Symfony\\Component\\Console\\Application->run(Object(Symfony\\Component\\Console\\Input\\ArgvInput), Object(Symfony\\Component\\Console\\Output\\ConsoleOutput))
#36 D:\\laragon\\www\\laravel_surveys_vue\\laravel-vue-survey\\vendor\\laravel\\framework\\src\\Illuminate\\Foundation\\Console\\Kernel.php(129): Illuminate\\Console\\Application->run(Object(Symfony\\Component\\Console\\Input\\ArgvInput), Object(Symfony\\Component\\Console\\Output\\ConsoleOutput))
#37 D:\\laragon\\www\\laravel_surveys_vue\\laravel-vue-survey\\artisan(37): Illuminate\\Foundation\\Console\\Kernel->handle(Object(Symfony\\Component\\Console\\Input\\ArgvInput), Object(Symfony\\Component\\Console\\Output\\ConsoleOutput))
#38 {main}
"} 
[2022-02-05 13:06:39] local.ERROR: could not find driver (SQL: PRAGMA foreign_keys = ON;) {"exception":"[object] (Illuminate\\Database\\QueryException(code: 0): could not find driver (SQL: PRAGMA foreign_keys = ON;) at D:\\laragon\\www\\laravel_surveys_vue\\laravel-vue-survey\\vendor\\laravel\\framework\\src\\Illuminate\\Database\\Connection.php:712)
[stacktrace]
#0 D:\\laragon\\www\\laravel_surveys_vue\\laravel-vue-survey\\vendor\\laravel\\framework\\src\\Illuminate\\Database\\Connection.php(672): Illuminate\\Database\\Connection->runQueryCallback('PRAGMA foreign_...', Array, Object(Closure))
#1 D:\\laragon\\www\\laravel_surveys_vue\\laravel-vue-survey\\vendor\\laravel\\framework\\src\\Illuminate\\Database\\Connection.php(502): Illuminate\\Database\\Connection->run('PRAGMA foreign_...', Array, Object(Closure))
#2 D:\\laragon\\www\\laravel_surveys_vue\\laravel-vue-survey\\vendor\\laravel\\framework\\src\\Illuminate\\Database\\Schema\\Builder.php(340): Illuminate\\Database\\Connection->statement('PRAGMA foreign_...')
#3 D:\\laragon\\www\\laravel_surveys_vue\\laravel-vue-survey\\vendor\\laravel\\framework\\src\\Illuminate\\Database\\SQLiteConnection.php(37): Illuminate\\Database\\Schema\\Builder->enableForeignKeyConstraints()
#4 D:\\laragon\\www\\laravel_surveys_vue\\laravel-vue-survey\\vendor\\laravel\\framework\\src\\Illuminate\\Database\\Connectors\\ConnectionFactory.php(282): Illuminate\\Database\\SQLiteConnection->__construct(Object(Closure), 'D:\\\\laragon\\\\www\\\\...', '', Array)
#5 D:\\laragon\\www\\laravel_surveys_vue\\laravel-vue-survey\\vendor\\laravel\\framework\\src\\Illuminate\\Database\\Connectors\\ConnectionFactory.php(76): Illuminate\\Database\\Connectors\\ConnectionFactory->createConnection('sqlite', Object(Closure), 'D:\\\\laragon\\\\www\\\\...', '', Array)
#6 D:\\laragon\\www\\laravel_surveys_vue\\laravel-vue-survey\\vendor\\laravel\\framework\\src\\Illuminate\\Database\\Connectors\\ConnectionFactory.php(50): Illuminate\\Database\\Connectors\\ConnectionFactory->createSingleConnection(Array)
#7 D:\\laragon\\www\\laravel_surveys_vue\\laravel-vue-survey\\vendor\\laravel\\framework\\src\\Illuminate\\Database\\DatabaseManager.php(140): Illuminate\\Database\\Connectors\\ConnectionFactory->make(Array, 'sqlite')
#8 D:\\laragon\\www\\laravel_surveys_vue\\laravel-vue-survey\\vendor\\laravel\\framework\\src\\Illuminate\\Database\\DatabaseManager.php(95): Illuminate\\Database\\DatabaseManager->makeConnection('sqlite')
#9 D:\\laragon\\www\\laravel_surveys_vue\\laravel-vue-survey\\vendor\\laravel\\framework\\src\\Illuminate\\Database\\Migrations\\DatabaseMigrationRepository.php(211): Illuminate\\Database\\DatabaseManager->connection('sqlite')
#10 D:\\laragon\\www\\laravel_surveys_vue\\laravel-vue-survey\\vendor\\laravel\\framework\\src\\Illuminate\\Database\\Migrations\\DatabaseMigrationRepository.php(167): Illuminate\\Database\\Migrations\\DatabaseMigrationRepository->getConnection()
#11 D:\\laragon\\www\\laravel_surveys_vue\\laravel-vue-survey\\vendor\\laravel\\framework\\src\\Illuminate\\Database\\Migrations\\Migrator.php(652): Illuminate\\Database\\Migrations\\DatabaseMigrationRepository->repositoryExists()
#12 D:\\laragon\\www\\laravel_surveys_vue\\laravel-vue-survey\\vendor\\laravel\\framework\\src\\Illuminate\\Database\\Console\\Migrations\\MigrateCommand.php(106): Illuminate\\Database\\Migrations\\Migrator->repositoryExists()
#13 D:\\laragon\\www\\laravel_surveys_vue\\laravel-vue-survey\\vendor\\laravel\\framework\\src\\Illuminate\\Database\\Console\\Migrations\\MigrateCommand.php(77): Illuminate\\Database\\Console\\Migrations\\MigrateCommand->prepareDatabase()
#14 D:\\laragon\\www\\laravel_surveys_vue\\laravel-vue-survey\\vendor\\laravel\\framework\\src\\Illuminate\\Database\\Migrations\\Migrator.php(585): Illuminate\\Database\\Console\\Migrations\\MigrateCommand->Illuminate\\Database\\Console\\Migrations\\{closure}()
#15 D:\\laragon\\www\\laravel_surveys_vue\\laravel-vue-survey\\vendor\\laravel\\framework\\src\\Illuminate\\Database\\Console\\Migrations\\MigrateCommand.php(94): Illuminate\\Database\\Migrations\\Migrator->usingConnection(NULL, Object(Closure))
#16 D:\\laragon\\www\\laravel_surveys_vue\\laravel-vue-survey\\vendor\\laravel\\framework\\src\\Illuminate\\Container\\BoundMethod.php(36): Illuminate\\Database\\Console\\Migrations\\MigrateCommand->handle()
#17 D:\\laragon\\www\\laravel_surveys_vue\\laravel-vue-survey\\vendor\\laravel\\framework\\src\\Illuminate\\Container\\Util.php(40): Illuminate\\Container\\BoundMethod::Illuminate\\Container\\{closure}()
#18 D:\\laragon\\www\\laravel_surveys_vue\\laravel-vue-survey\\vendor\\laravel\\framework\\src\\Illuminate\\Container\\BoundMethod.php(93): Illuminate\\Container\\Util::unwrapIfClosure(Object(Closure))
#19 D:\\laragon\\www\\laravel_surveys_vue\\laravel-vue-survey\\vendor\\laravel\\framework\\src\\Illuminate\\Container\\BoundMethod.php(37): Illuminate\\Container\\BoundMethod::callBoundMethod(Object(Illuminate\\Foundation\\Application), Array, Object(Closure))
#20 D:\\laragon\\www\\laravel_surveys_vue\\laravel-vue-survey\\vendor\\laravel\\framework\\src\\Illuminate\\Container\\Container.php(653): Illuminate\\Container\\BoundMethod::call(Object(Illuminate\\Foundation\\Application), Array, Array, NULL)
#21 D:\\laragon\\www\\laravel_surveys_vue\\laravel-vue-survey\\vendor\\laravel\\framework\\src\\Illuminate\\Console\\Command.php(136): Illuminate\\Container\\Container->call(Array)
#22 D:\\laragon\\www\\laravel_surveys_vue\\laravel-vue-survey\\vendor\\symfony\\console\\Command\\Command.php(298): Illuminate\\Console\\Command->execute(Object(Symfony\\Component\\Console\\Input\\ArgvInput), Object(Illuminate\\Console\\OutputStyle))
#23 D:\\laragon\\www\\laravel_surveys_vue\\laravel-vue-survey\\vendor\\laravel\\framework\\src\\Illuminate\\Console\\Command.php(121): Symfony\\Component\\Console\\Command\\Command->run(Object(Symfony\\Component\\Console\\Input\\ArgvInput), Object(Illuminate\\Console\\OutputStyle))
#24 D:\\laragon\\www\\laravel_surveys_vue\\laravel-vue-survey\\vendor\\symfony\\console\\Application.php(1015): Illuminate\\Console\\Command->run(Object(Symfony\\Component\\Console\\Input\\ArgvInput), Object(Symfony\\Component\\Console\\Output\\ConsoleOutput))
#25 D:\\laragon\\www\\laravel_surveys_vue\\laravel-vue-survey\\vendor\\symfony\\console\\Application.php(299): Symfony\\Component\\Console\\Application->doRunCommand(Object(Illuminate\\Database\\Console\\Migrations\\MigrateCommand), Object(Symfony\\Component\\Console\\Input\\ArgvInput), Object(Symfony\\Component\\Console\\Output\\ConsoleOutput))
#26 D:\\laragon\\www\\laravel_surveys_vue\\laravel-vue-survey\\vendor\\symfony\\console\\Application.php(171): Symfony\\Component\\Console\\Application->doRun(Object(Symfony\\Component\\Console\\Input\\ArgvInput), Object(Symfony\\Component\\Console\\Output\\ConsoleOutput))
#27 D:\\laragon\\www\\laravel_surveys_vue\\laravel-vue-survey\\vendor\\laravel\\framework\\src\\Illuminate\\Console\\Application.php(94): Symfony\\Component\\Console\\Application->run(Object(Symfony\\Component\\Console\\Input\\ArgvInput), Object(Symfony\\Component\\Console\\Output\\ConsoleOutput))
#28 D:\\laragon\\www\\laravel_surveys_vue\\laravel-vue-survey\\vendor\\laravel\\framework\\src\\Illuminate\\Foundation\\Console\\Kernel.php(129): Illuminate\\Console\\Application->run(Object(Symfony\\Component\\Console\\Input\\ArgvInput), Object(Symfony\\Component\\Console\\Output\\ConsoleOutput))
#29 D:\\laragon\\www\\laravel_surveys_vue\\laravel-vue-survey\\artisan(37): Illuminate\\Foundation\\Console\\Kernel->handle(Object(Symfony\\Component\\Console\\Input\\ArgvInput), Object(Symfony\\Component\\Console\\Output\\ConsoleOutput))
#30 {main}

[previous exception] [object] (PDOException(code: 0): could not find driver at D:\\laragon\\www\\laravel_surveys_vue\\laravel-vue-survey\\vendor\\laravel\\framework\\src\\Illuminate\\Database\\Connectors\\Connector.php:70)
[stacktrace]
#0 D:\\laragon\\www\\laravel_surveys_vue\\laravel-vue-survey\\vendor\\laravel\\framework\\src\\Illuminate\\Database\\Connectors\\Connector.php(70): PDO->__construct('sqlite:D:\\\\larag...', NULL, NULL, Array)
#1 D:\\laragon\\www\\laravel_surveys_vue\\laravel-vue-survey\\vendor\\laravel\\framework\\src\\Illuminate\\Database\\Connectors\\Connector.php(46): Illuminate\\Database\\Connectors\\Connector->createPdoConnection('sqlite:D:\\\\larag...', NULL, NULL, Array)
#2 D:\\laragon\\www\\laravel_surveys_vue\\laravel-vue-survey\\vendor\\laravel\\framework\\src\\Illuminate\\Database\\Connectors\\SQLiteConnector.php(37): Illuminate\\Database\\Connectors\\Connector->createConnection('sqlite:D:\\\\larag...', Array, Array)
#3 D:\\laragon\\www\\laravel_surveys_vue\\laravel-vue-survey\\vendor\\laravel\\framework\\src\\Illuminate\\Database\\Connectors\\ConnectionFactory.php(222): Illuminate\\Database\\Connectors\\SQLiteConnector->connect(Array)
#4 [internal function]: Illuminate\\Database\\Connectors\\ConnectionFactory->Illuminate\\Database\\Connectors\\{closure}()
#5 D:\\laragon\\www\\laravel_surveys_vue\\laravel-vue-survey\\vendor\\laravel\\framework\\src\\Illuminate\\Database\\Connection.php(1062): call_user_func(Object(Closure))
#6 D:\\laragon\\www\\laravel_surveys_vue\\laravel-vue-survey\\vendor\\laravel\\framework\\src\\Illuminate\\Database\\Connection.php(495): Illuminate\\Database\\Connection->getPdo()
#7 D:\\laragon\\www\\laravel_surveys_vue\\laravel-vue-survey\\vendor\\laravel\\framework\\src\\Illuminate\\Database\\Connection.php(705): Illuminate\\Database\\Connection->Illuminate\\Database\\{closure}('PRAGMA foreign_...', Array)
#8 D:\\laragon\\www\\laravel_surveys_vue\\laravel-vue-survey\\vendor\\laravel\\framework\\src\\Illuminate\\Database\\Connection.php(672): Illuminate\\Database\\Connection->runQueryCallback('PRAGMA foreign_...', Array, Object(Closure))
#9 D:\\laragon\\www\\laravel_surveys_vue\\laravel-vue-survey\\vendor\\laravel\\framework\\src\\Illuminate\\Database\\Connection.php(502): Illuminate\\Database\\Connection->run('PRAGMA foreign_...', Array, Object(Closure))
#10 D:\\laragon\\www\\laravel_surveys_vue\\laravel-vue-survey\\vendor\\laravel\\framework\\src\\Illuminate\\Database\\Schema\\Builder.php(340): Illuminate\\Database\\Connection->statement('PRAGMA foreign_...')
#11 D:\\laragon\\www\\laravel_surveys_vue\\laravel-vue-survey\\vendor\\laravel\\framework\\src\\Illuminate\\Database\\SQLiteConnection.php(37): Illuminate\\Database\\Schema\\Builder->enableForeignKeyConstraints()
#12 D:\\laragon\\www\\laravel_surveys_vue\\laravel-vue-survey\\vendor\\laravel\\framework\\src\\Illuminate\\Database\\Connectors\\ConnectionFactory.php(282): Illuminate\\Database\\SQLiteConnection->__construct(Object(Closure), 'D:\\\\laragon\\\\www\\\\...', '', Array)
#13 D:\\laragon\\www\\laravel_surveys_vue\\laravel-vue-survey\\vendor\\laravel\\framework\\src\\Illuminate\\Database\\Connectors\\ConnectionFactory.php(76): Illuminate\\Database\\Connectors\\ConnectionFactory->createConnection('sqlite', Object(Closure), 'D:\\\\laragon\\\\www\\\\...', '', Array)
#14 D:\\laragon\\www\\laravel_surveys_vue\\laravel-vue-survey\\vendor\\laravel\\framework\\src\\Illuminate\\Database\\Connectors\\ConnectionFactory.php(50): Illuminate\\Database\\Connectors\\ConnectionFactory->createSingleConnection(Array)
#15 D:\\laragon\\www\\laravel_surveys_vue\\laravel-vue-survey\\vendor\\laravel\\framework\\src\\Illuminate\\Database\\DatabaseManager.php(140): Illuminate\\Database\\Connectors\\ConnectionFactory->make(Array, 'sqlite')
#16 D:\\laragon\\www\\laravel_surveys_vue\\laravel-vue-survey\\vendor\\laravel\\framework\\src\\Illuminate\\Database\\DatabaseManager.php(95): Illuminate\\Database\\DatabaseManager->makeConnection('sqlite')
#17 D:\\laragon\\www\\laravel_surveys_vue\\laravel-vue-survey\\vendor\\laravel\\framework\\src\\Illuminate\\Database\\Migrations\\DatabaseMigrationRepository.php(211): Illuminate\\Database\\DatabaseManager->connection('sqlite')
#18 D:\\laragon\\www\\laravel_surveys_vue\\laravel-vue-survey\\vendor\\laravel\\framework\\src\\Illuminate\\Database\\Migrations\\DatabaseMigrationRepository.php(167): Illuminate\\Database\\Migrations\\DatabaseMigrationRepository->getConnection()
#19 D:\\laragon\\www\\laravel_surveys_vue\\laravel-vue-survey\\vendor\\laravel\\framework\\src\\Illuminate\\Database\\Migrations\\Migrator.php(652): Illuminate\\Database\\Migrations\\DatabaseMigrationRepository->repositoryExists()
#20 D:\\laragon\\www\\laravel_surveys_vue\\laravel-vue-survey\\vendor\\laravel\\framework\\src\\Illuminate\\Database\\Console\\Migrations\\MigrateCommand.php(106): Illuminate\\Database\\Migrations\\Migrator->repositoryExists()
#21 D:\\laragon\\www\\laravel_surveys_vue\\laravel-vue-survey\\vendor\\laravel\\framework\\src\\Illuminate\\Database\\Console\\Migrations\\MigrateCommand.php(77): Illuminate\\Database\\Console\\Migrations\\MigrateCommand->prepareDatabase()
#22 D:\\laragon\\www\\laravel_surveys_vue\\laravel-vue-survey\\vendor\\laravel\\framework\\src\\Illuminate\\Database\\Migrations\\Migrator.php(585): Illuminate\\Database\\Console\\Migrations\\MigrateCommand->Illuminate\\Database\\Console\\Migrations\\{closure}()
#23 D:\\laragon\\www\\laravel_surveys_vue\\laravel-vue-survey\\vendor\\laravel\\framework\\src\\Illuminate\\Database\\Console\\Migrations\\MigrateCommand.php(94): Illuminate\\Database\\Migrations\\Migrator->usingConnection(NULL, Object(Closure))
#24 D:\\laragon\\www\\laravel_surveys_vue\\laravel-vue-survey\\vendor\\laravel\\framework\\src\\Illuminate\\Container\\BoundMethod.php(36): Illuminate\\Database\\Console\\Migrations\\MigrateCommand->handle()
#25 D:\\laragon\\www\\laravel_surveys_vue\\laravel-vue-survey\\vendor\\laravel\\framework\\src\\Illuminate\\Container\\Util.php(40): Illuminate\\Container\\BoundMethod::Illuminate\\Container\\{closure}()
#26 D:\\laragon\\www\\laravel_surveys_vue\\laravel-vue-survey\\vendor\\laravel\\framework\\src\\Illuminate\\Container\\BoundMethod.php(93): Illuminate\\Container\\Util::unwrapIfClosure(Object(Closure))
#27 D:\\laragon\\www\\laravel_surveys_vue\\laravel-vue-survey\\vendor\\laravel\\framework\\src\\Illuminate\\Container\\BoundMethod.php(37): Illuminate\\Container\\BoundMethod::callBoundMethod(Object(Illuminate\\Foundation\\Application), Array, Object(Closure))
#28 D:\\laragon\\www\\laravel_surveys_vue\\laravel-vue-survey\\vendor\\laravel\\framework\\src\\Illuminate\\Container\\Container.php(653): Illuminate\\Container\\BoundMethod::call(Object(Illuminate\\Foundation\\Application), Array, Array, NULL)
#29 D:\\laragon\\www\\laravel_surveys_vue\\laravel-vue-survey\\vendor\\laravel\\framework\\src\\Illuminate\\Console\\Command.php(136): Illuminate\\Container\\Container->call(Array)
#30 D:\\laragon\\www\\laravel_surveys_vue\\laravel-vue-survey\\vendor\\symfony\\console\\Command\\Command.php(298): Illuminate\\Console\\Command->execute(Object(Symfony\\Component\\Console\\Input\\ArgvInput), Object(Illuminate\\Console\\OutputStyle))
#31 D:\\laragon\\www\\laravel_surveys_vue\\laravel-vue-survey\\vendor\\laravel\\framework\\src\\Illuminate\\Console\\Command.php(121): Symfony\\Component\\Console\\Command\\Command->run(Object(Symfony\\Component\\Console\\Input\\ArgvInput), Object(Illuminate\\Console\\OutputStyle))
#32 D:\\laragon\\www\\laravel_surveys_vue\\laravel-vue-survey\\vendor\\symfony\\console\\Application.php(1015): Illuminate\\Console\\Command->run(Object(Symfony\\Component\\Console\\Input\\ArgvInput), Object(Symfony\\Component\\Console\\Output\\ConsoleOutput))
#33 D:\\laragon\\www\\laravel_surveys_vue\\laravel-vue-survey\\vendor\\symfony\\console\\Application.php(299): Symfony\\Component\\Console\\Application->doRunCommand(Object(Illuminate\\Database\\Console\\Migrations\\MigrateCommand), Object(Symfony\\Component\\Console\\Input\\ArgvInput), Object(Symfony\\Component\\Console\\Output\\ConsoleOutput))
#34 D:\\laragon\\www\\laravel_surveys_vue\\laravel-vue-survey\\vendor\\symfony\\console\\Application.php(171): Symfony\\Component\\Console\\Application->doRun(Object(Symfony\\Component\\Console\\Input\\ArgvInput), Object(Symfony\\Component\\Console\\Output\\ConsoleOutput))
#35 D:\\laragon\\www\\laravel_surveys_vue\\laravel-vue-survey\\vendor\\laravel\\framework\\src\\Illuminate\\Console\\Application.php(94): Symfony\\Component\\Console\\Application->run(Object(Symfony\\Component\\Console\\Input\\ArgvInput), Object(Symfony\\Component\\Console\\Output\\ConsoleOutput))
#36 D:\\laragon\\www\\laravel_surveys_vue\\laravel-vue-survey\\vendor\\laravel\\framework\\src\\Illuminate\\Foundation\\Console\\Kernel.php(129): Illuminate\\Console\\Application->run(Object(Symfony\\Component\\Console\\Input\\ArgvInput), Object(Symfony\\Component\\Console\\Output\\ConsoleOutput))
#37 D:\\laragon\\www\\laravel_surveys_vue\\laravel-vue-survey\\artisan(37): Illuminate\\Foundation\\Console\\Kernel->handle(Object(Symfony\\Component\\Console\\Input\\ArgvInput), Object(Symfony\\Component\\Console\\Output\\ConsoleOutput))
#38 {main}
"} 
[2022-02-05 13:07:50] local.ERROR: could not find driver (SQL: PRAGMA foreign_keys = ON;) {"exception":"[object] (Illuminate\\Database\\QueryException(code: 0): could not find driver (SQL: PRAGMA foreign_keys = ON;) at D:\\laragon\\www\\laravel_surveys_vue\\laravel-vue-survey\\vendor\\laravel\\framework\\src\\Illuminate\\Database\\Connection.php:712)
[stacktrace]
#0 D:\\laragon\\www\\laravel_surveys_vue\\laravel-vue-survey\\vendor\\laravel\\framework\\src\\Illuminate\\Database\\Connection.php(672): Illuminate\\Database\\Connection->runQueryCallback('PRAGMA foreign_...', Array, Object(Closure))
#1 D:\\laragon\\www\\laravel_surveys_vue\\laravel-vue-survey\\vendor\\laravel\\framework\\src\\Illuminate\\Database\\Connection.php(502): Illuminate\\Database\\Connection->run('PRAGMA foreign_...', Array, Object(Closure))
#2 D:\\laragon\\www\\laravel_surveys_vue\\laravel-vue-survey\\vendor\\laravel\\framework\\src\\Illuminate\\Database\\Schema\\Builder.php(340): Illuminate\\Database\\Connection->statement('PRAGMA foreign_...')
#3 D:\\laragon\\www\\laravel_surveys_vue\\laravel-vue-survey\\vendor\\laravel\\framework\\src\\Illuminate\\Database\\SQLiteConnection.php(37): Illuminate\\Database\\Schema\\Builder->enableForeignKeyConstraints()
#4 D:\\laragon\\www\\laravel_surveys_vue\\laravel-vue-survey\\vendor\\laravel\\framework\\src\\Illuminate\\Database\\Connectors\\ConnectionFactory.php(282): Illuminate\\Database\\SQLiteConnection->__construct(Object(Closure), 'D:\\\\laragon\\\\www\\\\...', '', Array)
#5 D:\\laragon\\www\\laravel_surveys_vue\\laravel-vue-survey\\vendor\\laravel\\framework\\src\\Illuminate\\Database\\Connectors\\ConnectionFactory.php(76): Illuminate\\Database\\Connectors\\ConnectionFactory->createConnection('sqlite', Object(Closure), 'D:\\\\laragon\\\\www\\\\...', '', Array)
#6 D:\\laragon\\www\\laravel_surveys_vue\\laravel-vue-survey\\vendor\\laravel\\framework\\src\\Illuminate\\Database\\Connectors\\ConnectionFactory.php(50): Illuminate\\Database\\Connectors\\ConnectionFactory->createSingleConnection(Array)
#7 D:\\laragon\\www\\laravel_surveys_vue\\laravel-vue-survey\\vendor\\laravel\\framework\\src\\Illuminate\\Database\\DatabaseManager.php(140): Illuminate\\Database\\Connectors\\ConnectionFactory->make(Array, 'sqlite')
#8 D:\\laragon\\www\\laravel_surveys_vue\\laravel-vue-survey\\vendor\\laravel\\framework\\src\\Illuminate\\Database\\DatabaseManager.php(95): Illuminate\\Database\\DatabaseManager->makeConnection('sqlite')
#9 D:\\laragon\\www\\laravel_surveys_vue\\laravel-vue-survey\\vendor\\laravel\\framework\\src\\Illuminate\\Database\\Migrations\\DatabaseMigrationRepository.php(211): Illuminate\\Database\\DatabaseManager->connection('sqlite')
#10 D:\\laragon\\www\\laravel_surveys_vue\\laravel-vue-survey\\vendor\\laravel\\framework\\src\\Illuminate\\Database\\Migrations\\DatabaseMigrationRepository.php(167): Illuminate\\Database\\Migrations\\DatabaseMigrationRepository->getConnection()
#11 D:\\laragon\\www\\laravel_surveys_vue\\laravel-vue-survey\\vendor\\laravel\\framework\\src\\Illuminate\\Database\\Migrations\\Migrator.php(652): Illuminate\\Database\\Migrations\\DatabaseMigrationRepository->repositoryExists()
#12 D:\\laragon\\www\\laravel_surveys_vue\\laravel-vue-survey\\vendor\\laravel\\framework\\src\\Illuminate\\Database\\Console\\Migrations\\MigrateCommand.php(106): Illuminate\\Database\\Migrations\\Migrator->repositoryExists()
#13 D:\\laragon\\www\\laravel_surveys_vue\\laravel-vue-survey\\vendor\\laravel\\framework\\src\\Illuminate\\Database\\Console\\Migrations\\MigrateCommand.php(77): Illuminate\\Database\\Console\\Migrations\\MigrateCommand->prepareDatabase()
#14 D:\\laragon\\www\\laravel_surveys_vue\\laravel-vue-survey\\vendor\\laravel\\framework\\src\\Illuminate\\Database\\Migrations\\Migrator.php(585): Illuminate\\Database\\Console\\Migrations\\MigrateCommand->Illuminate\\Database\\Console\\Migrations\\{closure}()
#15 D:\\laragon\\www\\laravel_surveys_vue\\laravel-vue-survey\\vendor\\laravel\\framework\\src\\Illuminate\\Database\\Console\\Migrations\\MigrateCommand.php(94): Illuminate\\Database\\Migrations\\Migrator->usingConnection(NULL, Object(Closure))
#16 D:\\laragon\\www\\laravel_surveys_vue\\laravel-vue-survey\\vendor\\laravel\\framework\\src\\Illuminate\\Container\\BoundMethod.php(36): Illuminate\\Database\\Console\\Migrations\\MigrateCommand->handle()
#17 D:\\laragon\\www\\laravel_surveys_vue\\laravel-vue-survey\\vendor\\laravel\\framework\\src\\Illuminate\\Container\\Util.php(40): Illuminate\\Container\\BoundMethod::Illuminate\\Container\\{closure}()
#18 D:\\laragon\\www\\laravel_surveys_vue\\laravel-vue-survey\\vendor\\laravel\\framework\\src\\Illuminate\\Container\\BoundMethod.php(93): Illuminate\\Container\\Util::unwrapIfClosure(Object(Closure))
#19 D:\\laragon\\www\\laravel_surveys_vue\\laravel-vue-survey\\vendor\\laravel\\framework\\src\\Illuminate\\Container\\BoundMethod.php(37): Illuminate\\Container\\BoundMethod::callBoundMethod(Object(Illuminate\\Foundation\\Application), Array, Object(Closure))
#20 D:\\laragon\\www\\laravel_surveys_vue\\laravel-vue-survey\\vendor\\laravel\\framework\\src\\Illuminate\\Container\\Container.php(653): Illuminate\\Container\\BoundMethod::call(Object(Illuminate\\Foundation\\Application), Array, Array, NULL)
#21 D:\\laragon\\www\\laravel_surveys_vue\\laravel-vue-survey\\vendor\\laravel\\framework\\src\\Illuminate\\Console\\Command.php(136): Illuminate\\Container\\Container->call(Array)
#22 D:\\laragon\\www\\laravel_surveys_vue\\laravel-vue-survey\\vendor\\symfony\\console\\Command\\Command.php(298): Illuminate\\Console\\Command->execute(Object(Symfony\\Component\\Console\\Input\\ArgvInput), Object(Illuminate\\Console\\OutputStyle))
#23 D:\\laragon\\www\\laravel_surveys_vue\\laravel-vue-survey\\vendor\\laravel\\framework\\src\\Illuminate\\Console\\Command.php(121): Symfony\\Component\\Console\\Command\\Command->run(Object(Symfony\\Component\\Console\\Input\\ArgvInput), Object(Illuminate\\Console\\OutputStyle))
#24 D:\\laragon\\www\\laravel_surveys_vue\\laravel-vue-survey\\vendor\\symfony\\console\\Application.php(1015): Illuminate\\Console\\Command->run(Object(Symfony\\Component\\Console\\Input\\ArgvInput), Object(Symfony\\Component\\Console\\Output\\ConsoleOutput))
#25 D:\\laragon\\www\\laravel_surveys_vue\\laravel-vue-survey\\vendor\\symfony\\console\\Application.php(299): Symfony\\Component\\Console\\Application->doRunCommand(Object(Illuminate\\Database\\Console\\Migrations\\MigrateCommand), Object(Symfony\\Component\\Console\\Input\\ArgvInput), Object(Symfony\\Component\\Console\\Output\\ConsoleOutput))
#26 D:\\laragon\\www\\laravel_surveys_vue\\laravel-vue-survey\\vendor\\symfony\\console\\Application.php(171): Symfony\\Component\\Console\\Application->doRun(Object(Symfony\\Component\\Console\\Input\\ArgvInput), Object(Symfony\\Component\\Console\\Output\\ConsoleOutput))
#27 D:\\laragon\\www\\laravel_surveys_vue\\laravel-vue-survey\\vendor\\laravel\\framework\\src\\Illuminate\\Console\\Application.php(94): Symfony\\Component\\Console\\Application->run(Object(Symfony\\Component\\Console\\Input\\ArgvInput), Object(Symfony\\Component\\Console\\Output\\ConsoleOutput))
#28 D:\\laragon\\www\\laravel_surveys_vue\\laravel-vue-survey\\vendor\\laravel\\framework\\src\\Illuminate\\Foundation\\Console\\Kernel.php(129): Illuminate\\Console\\Application->run(Object(Symfony\\Component\\Console\\Input\\ArgvInput), Object(Symfony\\Component\\Console\\Output\\ConsoleOutput))
#29 D:\\laragon\\www\\laravel_surveys_vue\\laravel-vue-survey\\artisan(37): Illuminate\\Foundation\\Console\\Kernel->handle(Object(Symfony\\Component\\Console\\Input\\ArgvInput), Object(Symfony\\Component\\Console\\Output\\ConsoleOutput))
#30 {main}

[previous exception] [object] (PDOException(code: 0): could not find driver at D:\\laragon\\www\\laravel_surveys_vue\\laravel-vue-survey\\vendor\\laravel\\framework\\src\\Illuminate\\Database\\Connectors\\Connector.php:70)
[stacktrace]
#0 D:\\laragon\\www\\laravel_surveys_vue\\laravel-vue-survey\\vendor\\laravel\\framework\\src\\Illuminate\\Database\\Connectors\\Connector.php(70): PDO->__construct('sqlite:D:\\\\larag...', NULL, NULL, Array)
#1 D:\\laragon\\www\\laravel_surveys_vue\\laravel-vue-survey\\vendor\\laravel\\framework\\src\\Illuminate\\Database\\Connectors\\Connector.php(46): Illuminate\\Database\\Connectors\\Connector->createPdoConnection('sqlite:D:\\\\larag...', NULL, NULL, Array)
#2 D:\\laragon\\www\\laravel_surveys_vue\\laravel-vue-survey\\vendor\\laravel\\framework\\src\\Illuminate\\Database\\Connectors\\SQLiteConnector.php(37): Illuminate\\Database\\Connectors\\Connector->createConnection('sqlite:D:\\\\larag...', Array, Array)
#3 D:\\laragon\\www\\laravel_surveys_vue\\laravel-vue-survey\\vendor\\laravel\\framework\\src\\Illuminate\\Database\\Connectors\\ConnectionFactory.php(222): Illuminate\\Database\\Connectors\\SQLiteConnector->connect(Array)
#4 [internal function]: Illuminate\\Database\\Connectors\\ConnectionFactory->Illuminate\\Database\\Connectors\\{closure}()
#5 D:\\laragon\\www\\laravel_surveys_vue\\laravel-vue-survey\\vendor\\laravel\\framework\\src\\Illuminate\\Database\\Connection.php(1062): call_user_func(Object(Closure))
#6 D:\\laragon\\www\\laravel_surveys_vue\\laravel-vue-survey\\vendor\\laravel\\framework\\src\\Illuminate\\Database\\Connection.php(495): Illuminate\\Database\\Connection->getPdo()
#7 D:\\laragon\\www\\laravel_surveys_vue\\laravel-vue-survey\\vendor\\laravel\\framework\\src\\Illuminate\\Database\\Connection.php(705): Illuminate\\Database\\Connection->Illuminate\\Database\\{closure}('PRAGMA foreign_...', Array)
#8 D:\\laragon\\www\\laravel_surveys_vue\\laravel-vue-survey\\vendor\\laravel\\framework\\src\\Illuminate\\Database\\Connection.php(672): Illuminate\\Database\\Connection->runQueryCallback('PRAGMA foreign_...', Array, Object(Closure))
#9 D:\\laragon\\www\\laravel_surveys_vue\\laravel-vue-survey\\vendor\\laravel\\framework\\src\\Illuminate\\Database\\Connection.php(502): Illuminate\\Database\\Connection->run('PRAGMA foreign_...', Array, Object(Closure))
#10 D:\\laragon\\www\\laravel_surveys_vue\\laravel-vue-survey\\vendor\\laravel\\framework\\src\\Illuminate\\Database\\Schema\\Builder.php(340): Illuminate\\Database\\Connection->statement('PRAGMA foreign_...')
#11 D:\\laragon\\www\\laravel_surveys_vue\\laravel-vue-survey\\vendor\\laravel\\framework\\src\\Illuminate\\Database\\SQLiteConnection.php(37): Illuminate\\Database\\Schema\\Builder->enableForeignKeyConstraints()
#12 D:\\laragon\\www\\laravel_surveys_vue\\laravel-vue-survey\\vendor\\laravel\\framework\\src\\Illuminate\\Database\\Connectors\\ConnectionFactory.php(282): Illuminate\\Database\\SQLiteConnection->__construct(Object(Closure), 'D:\\\\laragon\\\\www\\\\...', '', Array)
#13 D:\\laragon\\www\\laravel_surveys_vue\\laravel-vue-survey\\vendor\\laravel\\framework\\src\\Illuminate\\Database\\Connectors\\ConnectionFactory.php(76): Illuminate\\Database\\Connectors\\ConnectionFactory->createConnection('sqlite', Object(Closure), 'D:\\\\laragon\\\\www\\\\...', '', Array)
#14 D:\\laragon\\www\\laravel_surveys_vue\\laravel-vue-survey\\vendor\\laravel\\framework\\src\\Illuminate\\Database\\Connectors\\ConnectionFactory.php(50): Illuminate\\Database\\Connectors\\ConnectionFactory->createSingleConnection(Array)
#15 D:\\laragon\\www\\laravel_surveys_vue\\laravel-vue-survey\\vendor\\laravel\\framework\\src\\Illuminate\\Database\\DatabaseManager.php(140): Illuminate\\Database\\Connectors\\ConnectionFactory->make(Array, 'sqlite')
#16 D:\\laragon\\www\\laravel_surveys_vue\\laravel-vue-survey\\vendor\\laravel\\framework\\src\\Illuminate\\Database\\DatabaseManager.php(95): Illuminate\\Database\\DatabaseManager->makeConnection('sqlite')
#17 D:\\laragon\\www\\laravel_surveys_vue\\laravel-vue-survey\\vendor\\laravel\\framework\\src\\Illuminate\\Database\\Migrations\\DatabaseMigrationRepository.php(211): Illuminate\\Database\\DatabaseManager->connection('sqlite')
#18 D:\\laragon\\www\\laravel_surveys_vue\\laravel-vue-survey\\vendor\\laravel\\framework\\src\\Illuminate\\Database\\Migrations\\DatabaseMigrationRepository.php(167): Illuminate\\Database\\Migrations\\DatabaseMigrationRepository->getConnection()
#19 D:\\laragon\\www\\laravel_surveys_vue\\laravel-vue-survey\\vendor\\laravel\\framework\\src\\Illuminate\\Database\\Migrations\\Migrator.php(652): Illuminate\\Database\\Migrations\\DatabaseMigrationRepository->repositoryExists()
#20 D:\\laragon\\www\\laravel_surveys_vue\\laravel-vue-survey\\vendor\\laravel\\framework\\src\\Illuminate\\Database\\Console\\Migrations\\MigrateCommand.php(106): Illuminate\\Database\\Migrations\\Migrator->repositoryExists()
#21 D:\\laragon\\www\\laravel_surveys_vue\\laravel-vue-survey\\vendor\\laravel\\framework\\src\\Illuminate\\Database\\Console\\Migrations\\MigrateCommand.php(77): Illuminate\\Database\\Console\\Migrations\\MigrateCommand->prepareDatabase()
#22 D:\\laragon\\www\\laravel_surveys_vue\\laravel-vue-survey\\vendor\\laravel\\framework\\src\\Illuminate\\Database\\Migrations\\Migrator.php(585): Illuminate\\Database\\Console\\Migrations\\MigrateCommand->Illuminate\\Database\\Console\\Migrations\\{closure}()
#23 D:\\laragon\\www\\laravel_surveys_vue\\laravel-vue-survey\\vendor\\laravel\\framework\\src\\Illuminate\\Database\\Console\\Migrations\\MigrateCommand.php(94): Illuminate\\Database\\Migrations\\Migrator->usingConnection(NULL, Object(Closure))
#24 D:\\laragon\\www\\laravel_surveys_vue\\laravel-vue-survey\\vendor\\laravel\\framework\\src\\Illuminate\\Container\\BoundMethod.php(36): Illuminate\\Database\\Console\\Migrations\\MigrateCommand->handle()
#25 D:\\laragon\\www\\laravel_surveys_vue\\laravel-vue-survey\\vendor\\laravel\\framework\\src\\Illuminate\\Container\\Util.php(40): Illuminate\\Container\\BoundMethod::Illuminate\\Container\\{closure}()
#26 D:\\laragon\\www\\laravel_surveys_vue\\laravel-vue-survey\\vendor\\laravel\\framework\\src\\Illuminate\\Container\\BoundMethod.php(93): Illuminate\\Container\\Util::unwrapIfClosure(Object(Closure))
#27 D:\\laragon\\www\\laravel_surveys_vue\\laravel-vue-survey\\vendor\\laravel\\framework\\src\\Illuminate\\Container\\BoundMethod.php(37): Illuminate\\Container\\BoundMethod::callBoundMethod(Object(Illuminate\\Foundation\\Application), Array, Object(Closure))
#28 D:\\laragon\\www\\laravel_surveys_vue\\laravel-vue-survey\\vendor\\laravel\\framework\\src\\Illuminate\\Container\\Container.php(653): Illuminate\\Container\\BoundMethod::call(Object(Illuminate\\Foundation\\Application), Array, Array, NULL)
#29 D:\\laragon\\www\\laravel_surveys_vue\\laravel-vue-survey\\vendor\\laravel\\framework\\src\\Illuminate\\Console\\Command.php(136): Illuminate\\Container\\Container->call(Array)
#30 D:\\laragon\\www\\laravel_surveys_vue\\laravel-vue-survey\\vendor\\symfony\\console\\Command\\Command.php(298): Illuminate\\Console\\Command->execute(Object(Symfony\\Component\\Console\\Input\\ArgvInput), Object(Illuminate\\Console\\OutputStyle))
#31 D:\\laragon\\www\\laravel_surveys_vue\\laravel-vue-survey\\vendor\\laravel\\framework\\src\\Illuminate\\Console\\Command.php(121): Symfony\\Component\\Console\\Command\\Command->run(Object(Symfony\\Component\\Console\\Input\\ArgvInput), Object(Illuminate\\Console\\OutputStyle))
#32 D:\\laragon\\www\\laravel_surveys_vue\\laravel-vue-survey\\vendor\\symfony\\console\\Application.php(1015): Illuminate\\Console\\Command->run(Object(Symfony\\Component\\Console\\Input\\ArgvInput), Object(Symfony\\Component\\Console\\Output\\ConsoleOutput))
#33 D:\\laragon\\www\\laravel_surveys_vue\\laravel-vue-survey\\vendor\\symfony\\console\\Application.php(299): Symfony\\Component\\Console\\Application->doRunCommand(Object(Illuminate\\Database\\Console\\Migrations\\MigrateCommand), Object(Symfony\\Component\\Console\\Input\\ArgvInput), Object(Symfony\\Component\\Console\\Output\\ConsoleOutput))
#34 D:\\laragon\\www\\laravel_surveys_vue\\laravel-vue-survey\\vendor\\symfony\\console\\Application.php(171): Symfony\\Component\\Console\\Application->doRun(Object(Symfony\\Component\\Console\\Input\\ArgvInput), Object(Symfony\\Component\\Console\\Output\\ConsoleOutput))
#35 D:\\laragon\\www\\laravel_surveys_vue\\laravel-vue-survey\\vendor\\laravel\\framework\\src\\Illuminate\\Console\\Application.php(94): Symfony\\Component\\Console\\Application->run(Object(Symfony\\Component\\Console\\Input\\ArgvInput), Object(Symfony\\Component\\Console\\Output\\ConsoleOutput))
#36 D:\\laragon\\www\\laravel_surveys_vue\\laravel-vue-survey\\vendor\\laravel\\framework\\src\\Illuminate\\Foundation\\Console\\Kernel.php(129): Illuminate\\Console\\Application->run(Object(Symfony\\Component\\Console\\Input\\ArgvInput), Object(Symfony\\Component\\Console\\Output\\ConsoleOutput))
#37 D:\\laragon\\www\\laravel_surveys_vue\\laravel-vue-survey\\artisan(37): Illuminate\\Foundation\\Console\\Kernel->handle(Object(Symfony\\Component\\Console\\Input\\ArgvInput), Object(Symfony\\Component\\Console\\Output\\ConsoleOutput))
#38 {main}
"} 
